2017-01-06 12:59:12 ::1 (pid 3268) :Pub:!INFO: spip_connect: fichier de connexion '' non trouve
2017-01-06 12:59:25 ::1 (pid 3268) :Pri:!INFO: spip_connect: fichier de connexion '' non trouve
2017-01-06 13:24:29 ::1 (pid 3268) :Pri:cf maj.log
2017-01-06 13:24:29 ::1 (pid 3268) :Pri:cf maj.log
2017-01-06 13:24:29 ::1 (pid 3268) :Pri:cf maj.log
2017-01-06 13:24:29 ::1 (pid 3268) :Pri:cf maj.log
2017-01-06 13:24:29 ::1 (pid 3268) :Pri:cf maj.log
2017-01-06 13:24:29 ::1 (pid 3268) :Pri:cf maj.log
2017-01-06 13:24:29 ::1 (pid 3268) :Pri:cf maj.log
2017-01-06 13:24:29 ::1 (pid 3268) :Pri:cf maj.log
2017-01-06 13:24:29 ::1 (pid 3268) :Pri:cf maj.log
2017-01-06 13:24:29 ::1 (pid 3268) :Pri:cf maj.log
2017-01-06 13:24:29 ::1 (pid 3268) :Pri:cf maj.log
2017-01-06 13:24:29 ::1 (pid 3268) :Pri:cf maj.log
2017-01-06 13:24:29 ::1 (pid 3268) :Pri:cf maj.log
2017-01-06 13:24:29 ::1 (pid 3268) :Pri:cf maj.log
2017-01-06 13:24:29 ::1 (pid 3268) :Pri:ERREUR: Erreur mysql 1146
2017-01-06 13:24:29 ::1 (pid 3268) :Pri:ERREUR: Erreur mysql 1146
2017-01-06 13:24:29 ::1 (pid 3268) :Pri:!INFO: trouver_table: table inconnue '' 'spip_mots_articles'
2017-01-06 13:24:29 ::1 (pid 3268) :Pri:cf maj.log
2017-01-06 13:24:29 ::1 (pid 3268) :Pri:cf maj.log
2017-01-06 13:24:29 ::1 (pid 3268) :Pri:cf maj.log
2017-01-06 13:24:29 ::1 (pid 3268) :Pri:cf maj.log
2017-01-06 13:24:29 ::1 (pid 3268) :Pri:cf maj.log
2017-01-06 13:24:29 ::1 (pid 3268) :Pri:cf maj.log
2017-01-06 13:24:29 ::1 (pid 3268) :Pri:cf maj.log
2017-01-06 13:24:29 ::1 (pid 3268) :Pri:cf maj.log
2017-01-06 13:24:29 ::1 (pid 3268) :Pri:cf maj.log
2017-01-06 13:24:29 ::1 (pid 3268) :Pri:cf maj.log
2017-01-06 13:24:29 ::1 (pid 3268) :Pri:cf maj.log
2017-01-06 13:24:29 ::1 (pid 3268) :Pri:cf maj.log
2017-01-06 13:24:29 ::1 (pid 3268) :Pri:cf maj.log
2017-01-06 13:24:30 ::1 (pid 3268) :Pri:cf maj.log
2017-01-06 13:24:30 ::1 (pid 3268) :Pri:cf maj.log
2017-01-06 13:24:30 ::1 (pid 3268) :Pri:cf maj.log
2017-01-06 13:24:30 ::1 (pid 3268) :Pri:cf maj.log
2017-01-06 13:24:30 ::1 (pid 3268) :Pri:cf maj.log
2017-01-06 13:24:30 ::1 (pid 3268) :Pri:cf maj.log
2017-01-06 13:24:30 ::1 (pid 3268) :Pri:cf maj.log
2017-01-06 13:24:30 ::1 (pid 3268) :Pri:cf maj.log
2017-01-06 13:24:30 ::1 (pid 3268) :Pri:cf maj.log
2017-01-06 13:24:30 ::1 (pid 3268) :Pri:cf maj.log
2017-01-06 13:24:30 ::1 (pid 3268) :Pri:cf maj.log
2017-01-06 13:24:30 ::1 (pid 3268) :Pri:cf maj.log
2017-01-06 13:24:30 ::1 (pid 3268) :Pri:cf maj.log
2017-01-06 13:24:30 ::1 (pid 3268) :Pri:cf maj.log
2017-01-06 13:24:30 ::1 (pid 3268) :Pri:cf maj.log
2017-01-06 13:24:30 ::1 (pid 3268) :Pri:cf maj.log
2017-01-06 13:24:30 ::1 (pid 3268) :Pri:cf maj.log
2017-01-06 13:24:30 ::1 (pid 3268) :Pri:cf maj.log
2017-01-06 13:24:30 ::1 (pid 3268) :Pri:cf maj.log
2017-01-06 13:24:30 ::1 (pid 3268) :Pri:cf maj.log
2017-01-06 13:24:30 ::1 (pid 3268) :Pri:cf maj.log
2017-01-06 13:24:30 ::1 (pid 3268) :Pri:cf maj.log
2017-01-06 13:24:30 ::1 (pid 3268) :Pri:cf maj.log
2017-01-06 13:24:30 ::1 (pid 3268) :Pri:cf maj.log
2017-01-06 13:24:30 ::1 (pid 3268) :Pri:cf maj.log
2017-01-06 13:24:30 ::1 (pid 3268) :Pri:cf maj.log
2017-01-06 13:24:30 ::1 (pid 3268) :Pri:cf maj.log
2017-01-06 13:24:30 ::1 (pid 3268) :Pri:cf maj.log
2017-01-06 13:24:30 ::1 (pid 3268) :Pri:cf maj.log
2017-01-06 13:24:30 ::1 (pid 3268) :Pri:cf maj.log
2017-01-06 13:24:30 ::1 (pid 3268) :Pri:cf maj.log
2017-01-06 13:24:30 ::1 (pid 3268) :Pri:cf maj.log
2017-01-06 13:24:30 ::1 (pid 3268) :Pri:cf maj.log
2017-01-06 13:24:30 ::1 (pid 3268) :Pri:cf maj.log
2017-01-06 13:24:30 ::1 (pid 3268) :Pri:cf maj.log
2017-01-06 13:24:30 ::1 (pid 3268) :Pri:cf maj.log
2017-01-06 13:24:30 ::1 (pid 3268) :Pri:cf maj.log
2017-01-06 13:24:30 ::1 (pid 3268) :Pri:cf maj.log
2017-01-06 13:24:30 ::1 (pid 3268) :Pri:cf maj.log
2017-01-06 13:24:30 ::1 (pid 3268) :Pri:cf maj.log
2017-01-06 13:24:30 ::1 (pid 3268) :Pri:cf maj.log
2017-01-06 13:24:30 ::1 (pid 3268) :Pri:cf maj.log
2017-01-06 13:24:30 ::1 (pid 3268) :Pri:cf maj.log
2017-01-06 13:24:30 ::1 (pid 3268) :Pri:cf maj.log
2017-01-06 13:24:30 ::1 (pid 3268) :Pri:cf maj.log
2017-01-06 13:24:30 ::1 (pid 3268) :Pri:cf maj.log
2017-01-06 13:24:30 ::1 (pid 3268) :Pri:cf maj.log
2017-01-06 13:24:30 ::1 (pid 3268) :Pri:cf maj.log
2017-01-06 13:24:30 ::1 (pid 3268) :Pri:cf maj.log
2017-01-06 13:24:30 ::1 (pid 3268) :Pri:cf maj.log
2017-01-06 13:24:30 ::1 (pid 3268) :Pri:cf maj.log
2017-01-06 13:24:30 ::1 (pid 3268) :Pri:cf maj.log
2017-01-06 13:24:30 ::1 (pid 3268) :Pri:cf maj.log
2017-01-06 13:24:30 ::1 (pid 3268) :Pri:cf maj.log
2017-01-06 13:24:30 ::1 (pid 3268) :Pri:cf maj.log
2017-01-06 13:24:30 ::1 (pid 3268) :Pri:cf maj.log
2017-01-06 13:24:30 ::1 (pid 3268) :Pri:cf maj.log
2017-01-06 13:24:30 ::1 (pid 3268) :Pri:cf maj.log
2017-01-06 13:24:30 ::1 (pid 3268) :Pri:cf maj.log
2017-01-06 13:24:30 ::1 (pid 3268) :Pri:cf maj.log
2017-01-06 13:24:57 ::1 (pid 3268) :Pri:!INFO: Creation du cache 23b08f6534513055d6acc2dbfacbb4ad.cache pour 604800 secondes
2017-01-06 13:24:57 ::1 (pid 3268) :Pri:!INFO: Creation du cache d08e6d1367d84ac514049514994acf1c.cache pour 360000 secondes
2017-01-06 13:24:57 ::1 (pid 3268) :Pri:!INFO: Creation du cache e1040ebdf580013d80cfa83d57f0c1f1.cache pour 360000 secondes
2017-01-06 13:24:57 ::1 (pid 3268) :Pri:!INFO: Creation du cache 01cd181ac6227a8d37e17ebf0e1ee701.cache pour 360000 secondes
2017-01-06 13:24:57 ::1 (pid 3268) :Pri:!INFO: Creation du cache c7563813a74afe77d409c46e99d07da2.cache pour 360000 secondes
2017-01-06 13:24:57 ::1 (pid 3268) :Pri:!INFO: Creation du cache 47f3648675a9228b7e57478fbc27de2d.cache pour 360000 secondes
2017-01-06 13:24:57 ::1 (pid 3268) :Pri:!INFO: Creation du cache aa34d4ce6615335607886b17c02d5642.cache pour 360000 secondes
2017-01-06 13:24:57 ::1 (pid 3268) :Pri:!INFO: Creation du cache a3bb1ebaa9db629b5d4868df708b778c.cache pour 360000 secondes
2017-01-06 13:24:57 ::1 (pid 3268) :Pri:!INFO: Creation du cache ce5d3793b50ce08f292a49cf5a9d4dff.cache pour 360000 secondes
2017-01-06 13:24:57 ::1 (pid 3268) :Pri:!INFO: Creation du cache f492db538c076664c3905adf2970fd5e.cache pour 360000 secondes
2017-01-06 13:24:57 ::1 (pid 3268) :Pri:!INFO: Creation du cache ed560a6b63dacf18108d8c3e332d2c68.cache pour 360000 secondes
2017-01-06 13:24:57 ::1 (pid 3268) :Pri:!INFO: Creation du cache 6e73b4d2c95edd0f3dab1ca2c76d43f6.cache pour 360000 secondes
2017-01-06 13:24:57 ::1 (pid 3268) :Pri:!INFO: Creation du cache 8de03fed573d294b62721d12e3e85373.cache pour 360000 secondes
2017-01-06 13:24:57 ::1 (pid 3268) :Pri:!INFO: Creation du cache a7f1374ed6cf8b8bdf92338d8524f6ef.cache pour 360000 secondes
2017-01-06 13:24:57 ::1 (pid 3268) :Pri:!INFO: Creation du cache a4e6ccb984402a9dd0af060452a75fdd.cache pour 360000 secondes
2017-01-06 13:24:58 ::1 (pid 3268) :Pri:!INFO: Creation du cache 199f7dcfdd3d9672fc1d74840e89827d.cache pour 360000 secondes
2017-01-06 13:24:58 ::1 (pid 3268) :Pri:!INFO: Creation du cache a7dd0ab6bd3fe3342fbecc928d079d23.cache pour 360000 secondes
2017-01-06 13:24:58 ::1 (pid 3268) :Pri:!INFO: Creation du cache 0a0c7c93d6ba46c20785aaf0295b1e6f.cache pour 360000 secondes
2017-01-06 13:24:58 ::1 (pid 3268) :Pri:!INFO: Creation du cache 2041395962c3d224038bea9691d10e47.cache pour 360000 secondes
2017-01-06 13:24:58 ::1 (pid 3268) :Pri:!INFO: Creation du cache 1fb1a42b7a4a15910d8766bd92fd07fb.cache pour 360000 secondes
2017-01-06 13:24:58 ::1 (pid 3268) :Pri:!INFO: Creation du cache 0daae1eb3c88403f011f6987f3ace58f.cache pour 360000 secondes
2017-01-06 13:24:58 ::1 (pid 3268) :Pri:!INFO: Creation du cache e8891b5589d374d576af0c388c8f8b12.cache pour 360000 secondes
2017-01-06 13:24:58 ::1 (pid 3268) :Pri:!INFO: Creation du cache 64a8290cf65e130579d8193a72956f28.cache pour 360000 secondes
2017-01-06 13:24:58 ::1 (pid 3268) :Pri:!INFO: Creation du cache 3a93bb67c28e3b36dbabb1ae45ee5b29.cache pour 360000 secondes
2017-01-06 13:24:58 ::1 (pid 3268) :Pri:!INFO: Creation du cache 5d7047f6d2710128d15a23255c654b61.cache pour 360000 secondes
2017-01-06 13:24:58 ::1 (pid 3268) :Pri:!INFO: Creation du cache 5769a5eec1548086a26ff36bb481f15c.cache pour 360000 secondes
2017-01-06 13:24:58 ::1 (pid 3268) :Pri:!INFO: Creation du cache 93aaa8a928d3ab66dd8566c17c88ab98.cache pour 360000 secondes
2017-01-06 13:25:00 ::1 (pid 3268) :Pri:!INFO: Creation du cache 1bcf760edbb0e1248f2f5e4f2c70aa4f.cache pour 604800 secondes
2017-01-06 13:25:00 ::1 (pid 3268) :Pri:!INFO: Creation du cache 777b91deefd94332bdc20308f45a200c.cache pour 86400 secondes
2017-01-06 13:26:50 ::1 (pid 3268) :Pri:!INFO: Creation du cache 98203873513006dfc493bf60160592c4.cache pour 86400 secondes
2017-01-06 13:26:59 ::1 (pid 3268) :Pri:!INFO: Creation du cache fda97a46a6bbc0fffd1f9383af57307f.cache pour 86400 secondes
2017-01-06 13:33:24 ::1 (pid 3268) :Pub:!INFO: Creation du cache 6bd167afbdea6a0f2b29bf54694c7f85.cache pour 86400 secondes
2017-01-06 13:33:24 ::1 (pid 3268) :Pub:!INFO: Creation du cache cc702fb3ae2c6575796b9805e86f38dc.cache pour 86400 secondes
2017-01-06 13:33:24 ::1 (pid 3268) :Pub:!INFO: Creation du cache 21fb3a92c6cf7dbe8cec273e6eef4b48.cache pour 86400 secondes
2017-01-06 13:33:24 ::1 (pid 3268) :Pub:!INFO: Creation du cache c954cf7b131d472ad8709c34c56432a3.cache pour 86400 secondes
2017-01-06 13:33:24 ::1 (pid 3268) :Pub:!INFO: Creation du cache 17444b0fbdbc75991537f8386933ee92.cache pour 86400 secondes
2017-01-06 13:33:24 ::1 (pid 3268) :Pub:!INFO: Creation du cache 890b26b94f9e25716f6b9eb16f0ff382.cache pour 86400 secondes
2017-01-06 13:33:24 ::1 (pid 3268) :Pub:!INFO: Creation du cache b020dad3389657e1d5ae1e67f34b1eab.cache pour 3600 secondes
2017-01-06 13:33:24 ::1 (pid 3268) :Pub:!INFO: Creation du cache f83c195a7950657f1db0f3d09303b687.cache pour 86400 secondes
2017-01-06 13:33:25 ::1 (pid 3268) :Pub:!INFO: Creation du cache 6d0f3f23850e088fffcfadda000455d8.cache pour 604800 secondes
2017-01-06 13:33:25 ::1 (pid 3268) :Pub:!INFO: Creation du cache 6851901ab76812782fd64c4a02f130be.cache pour 604800 secondes
2017-01-06 13:35:05 ::1 (pid 3268) :Pri:!INFO: Creation du cache d007727c799212bf7654c943e633c320.cache pour 86400 secondes
2017-01-06 13:35:11 ::1 (pid 3268) :Pri:!INFO: Creation du cache df2ae34b28e702135004d63d4cc4616e.cache pour 86400 secondes
2017-01-06 13:35:36 ::1 (pid 3268) :Pri:!INFO: Creation du cache df2ae34b28e702135004d63d4cc4616e.cache pour 86400 secondes
2017-01-06 13:36:44 ::1 (pid 3268) :Pri:!INFO: Creation du cache 449970bc2352f37fe95ceb7f8c718c30.cache pour 86400 secondes
2017-01-06 13:37:29 ::1 (pid 3268) :Pub:!INFO: Creation du cache 6bd167afbdea6a0f2b29bf54694c7f85.cache pour 86400 secondes
2017-01-06 13:37:29 ::1 (pid 3268) :Pub:!INFO: Creation du cache cc702fb3ae2c6575796b9805e86f38dc.cache pour 86400 secondes
2017-01-06 13:37:29 ::1 (pid 3268) :Pub:!INFO: Creation du cache 21fb3a92c6cf7dbe8cec273e6eef4b48.cache pour 86400 secondes
2017-01-06 13:37:29 ::1 (pid 3268) :Pub:!INFO: Creation du cache 7c02dfea6b09eb4c1324a129d7cbbac5.cache pour 86400 secondes
2017-01-06 13:37:29 ::1 (pid 3268) :Pub:!INFO: Creation du cache e165a716c8e90dfd7eaf1fa1d0a5dcc7.cache pour 86400 secondes
2017-01-06 13:37:29 ::1 (pid 3268) :Pub:!INFO: Creation du cache 890b26b94f9e25716f6b9eb16f0ff382.cache pour 86400 secondes
2017-01-06 13:37:29 ::1 (pid 3268) :Pub:!INFO: Creation du cache b020dad3389657e1d5ae1e67f34b1eab.cache pour 3600 secondes
2017-01-06 13:37:29 ::1 (pid 3268) :Pub:!INFO: Creation du cache bf4792e58cb7ba23e0b0a26f206f0f36.cache pour 86400 secondes
2017-01-06 13:37:29 ::1 (pid 3268) :Pub:!INFO: Creation du cache 6d0f3f23850e088fffcfadda000455d8.cache pour 604800 secondes
2017-01-06 13:37:29 ::1 (pid 3268) :Pub:!INFO: Creation du cache 6851901ab76812782fd64c4a02f130be.cache pour 604800 secondes
2017-01-06 13:37:41 ::1 (pid 3268) :Pri:ERREUR: fonction execute_pipeline_notifications_destinataires absente : pipeline desactive
2017-01-06 13:37:45 ::1 (pid 3268) :Pub:!INFO: Creation du cache 6bd167afbdea6a0f2b29bf54694c7f85.cache pour 86400 secondes
2017-01-06 13:37:45 ::1 (pid 3268) :Pub:!INFO: Creation du cache cc702fb3ae2c6575796b9805e86f38dc.cache pour 86400 secondes
2017-01-06 13:37:45 ::1 (pid 3268) :Pub:!INFO: Creation du cache 21fb3a92c6cf7dbe8cec273e6eef4b48.cache pour 86400 secondes
2017-01-06 13:37:45 ::1 (pid 3268) :Pub:!INFO: Creation du cache e203826f630356d8ad671316fda5cfa6.cache pour 86400 secondes
2017-01-06 13:37:45 ::1 (pid 3268) :Pub:!INFO: Creation du cache 6bd3980239038a52713f5c652e2a099e.cache pour 86400 secondes
2017-01-06 13:37:45 ::1 (pid 3268) :Pub:!INFO: Creation du cache 890b26b94f9e25716f6b9eb16f0ff382.cache pour 86400 secondes
2017-01-06 13:37:45 ::1 (pid 3268) :Pub:!INFO: Creation du cache b020dad3389657e1d5ae1e67f34b1eab.cache pour 3600 secondes
2017-01-06 13:37:45 ::1 (pid 3268) :Pub:!INFO: Creation du cache ce23dcc2c3457d8bb04e003dd91fb4fe.cache pour 86400 secondes
2017-01-06 13:37:46 ::1 (pid 3268) :Pub:!INFO: Creation du cache 6d0f3f23850e088fffcfadda000455d8.cache pour 604800 secondes
2017-01-06 13:37:46 ::1 (pid 3268) :Pub:!INFO: Creation du cache 6851901ab76812782fd64c4a02f130be.cache pour 604800 secondes
2017-01-06 13:39:52 ::1 (pid 3268) :Pri:!INFO: Creation du cache 449970bc2352f37fe95ceb7f8c718c30.cache pour 86400 secondes
2017-01-06 13:39:55 ::1 (pid 3268) :Pri:!INFO: Creation du cache 63099a90c276216d5469721b5e8a7c1b.cache pour 86400 secondes
2017-01-06 13:40:10 ::1 (pid 3268) :Pub:!INFO: Creation du cache 6bd167afbdea6a0f2b29bf54694c7f85.cache pour 86400 secondes
2017-01-06 13:40:10 ::1 (pid 3268) :Pub:!INFO: Creation du cache cc702fb3ae2c6575796b9805e86f38dc.cache pour 86400 secondes
2017-01-06 13:40:10 ::1 (pid 3268) :Pub:!INFO: Creation du cache 21fb3a92c6cf7dbe8cec273e6eef4b48.cache pour 86400 secondes
2017-01-06 13:40:10 ::1 (pid 3268) :Pub:!INFO: Creation du cache 54d4fd65134c1e3440205179044d99ce.cache pour 86400 secondes
2017-01-06 13:40:10 ::1 (pid 3268) :Pub:!INFO: Creation du cache 60c00a25eecf6bfc219a66fdfc9cbda8.cache pour 86400 secondes
2017-01-06 13:40:10 ::1 (pid 3268) :Pub:!INFO: Creation du cache 890b26b94f9e25716f6b9eb16f0ff382.cache pour 86400 secondes
2017-01-06 13:40:10 ::1 (pid 3268) :Pub:!INFO: Creation du cache b020dad3389657e1d5ae1e67f34b1eab.cache pour 3600 secondes
2017-01-06 13:40:10 ::1 (pid 3268) :Pub:!INFO: Creation du cache 603425131344dd6a2c3bdfc0a6f28350.cache pour 86400 secondes
2017-01-06 13:40:11 ::1 (pid 3268) :Pub:!INFO: Creation du cache 6d0f3f23850e088fffcfadda000455d8.cache pour 604800 secondes
2017-01-06 13:40:11 ::1 (pid 3268) :Pub:!INFO: Creation du cache 6851901ab76812782fd64c4a02f130be.cache pour 604800 secondes
2017-01-06 13:40:13 ::1 (pid 3268) :Pub:!INFO: Creation du cache 8496a6f01c9bc9ed9bc815cf91ed573e.cache pour 86400 secondes
2017-01-06 13:40:13 ::1 (pid 3268) :Pub:!INFO: Creation du cache 134ca19932d0e2d73eebfce072286c72.cache pour 86400 secondes
2017-01-06 13:40:13 ::1 (pid 3268) :Pub:!INFO: Creation du cache cb8a711f0c79986b5c398ab9a824850e.cache pour 86400 secondes
2017-01-06 13:40:13 ::1 (pid 3268) :Pub:!INFO: Creation du cache f15756a604d0b8d59f481c20686b2fea.cache pour 86400 secondes
2017-01-06 13:40:13 ::1 (pid 3268) :Pub:!INFO: Creation du cache 2821d1aef568d8569609becd26a1494f.cache pour 86400 secondes
2017-01-06 13:40:13 ::1 (pid 3268) :Pub:!INFO: Creation du cache 1172a335fc5f5b5f5834fbd9f00c4d0a.cache pour 3600 secondes
2017-01-06 13:40:13 ::1 (pid 3268) :Pub:!INFO: Creation du cache ac782c407365d2390de6f7dcc2bc137e.cache pour 3600 secondes
2017-01-06 13:40:13 ::1 (pid 3268) :Pub:!INFO: Creation du cache 122a54c90a2968f66cb4a8fab4184dbf.cache pour 3600 secondes
2017-01-06 13:40:13 ::1 (pid 3268) :Pub:!INFO: Creation du cache 6e383d1e1ab9ba632cd7913604c7908c.cache pour 86400 secondes
2017-01-06 13:40:13 ::1 (pid 3268) :Pub:!INFO: Creation du cache 0cd085933c9f61ad40241663643d1132.cache pour 86400 secondes
2017-01-06 13:40:23 ::1 (pid 3268) :Pri:!INFO: Creation du cache 63099a90c276216d5469721b5e8a7c1b.cache pour 86400 secondes
2017-01-06 13:40:49 ::1 (pid 3268) :Pri:ERREUR: fonction execute_pipeline_notifications_destinataires absente : pipeline desactive
2017-01-06 13:40:52 ::1 (pid 3268) :Pri:!INFO: Creation du cache 63099a90c276216d5469721b5e8a7c1b.cache pour 86400 secondes
2017-01-06 13:40:54 ::1 (pid 3268) :Pri:!INFO: Creation du cache 91a06b68a2f97d11fecc62a0214bc4ca.cache pour 86400 secondes
2017-01-06 13:40:59 ::1 (pid 3268) :Pub:!INFO: Creation du cache 6bd167afbdea6a0f2b29bf54694c7f85.cache pour 86400 secondes
2017-01-06 13:40:59 ::1 (pid 3268) :Pub:!INFO: Creation du cache cc702fb3ae2c6575796b9805e86f38dc.cache pour 86400 secondes
2017-01-06 13:40:59 ::1 (pid 3268) :Pub:!INFO: Creation du cache 21fb3a92c6cf7dbe8cec273e6eef4b48.cache pour 86400 secondes
2017-01-06 13:40:59 ::1 (pid 3268) :Pub:!INFO: Creation du cache f04b04a56466ad51644b03e1aac3cd9b.cache pour 86400 secondes
2017-01-06 13:40:59 ::1 (pid 3268) :Pub:!INFO: Creation du cache 19d6cb4596ebb894ffaf1736db6d8d94.cache pour 86400 secondes
2017-01-06 13:40:59 ::1 (pid 3268) :Pub:!INFO: Creation du cache 890b26b94f9e25716f6b9eb16f0ff382.cache pour 86400 secondes
2017-01-06 13:40:59 ::1 (pid 3268) :Pub:!INFO: Creation du cache b020dad3389657e1d5ae1e67f34b1eab.cache pour 3600 secondes
2017-01-06 13:40:59 ::1 (pid 3268) :Pub:!INFO: Creation du cache 0bfc54f00154f58c73591a0ed79775ba.cache pour 86400 secondes
2017-01-06 13:40:59 ::1 (pid 3268) :Pub:!INFO: Creation du cache 6d0f3f23850e088fffcfadda000455d8.cache pour 604800 secondes
2017-01-06 13:41:00 ::1 (pid 3268) :Pub:!INFO: Creation du cache 6851901ab76812782fd64c4a02f130be.cache pour 604800 secondes
2017-01-06 13:41:38 ::1 (pid 3268) :Pub:!INFO: Creation du cache 99671057db2ade24b357e6731222bd99.cache pour 86400 secondes
2017-01-06 13:42:00 ::1 (pid 3268) :Pri:!INFO: Creation du cache 9078e6cd3706c4620c8696e5bf5c70c9.cache pour 86400 secondes
2017-01-06 13:42:03 ::1 (pid 3268) :Pub:!INFO: Creation du cache 6bd167afbdea6a0f2b29bf54694c7f85.cache pour 86400 secondes
2017-01-06 13:42:03 ::1 (pid 3268) :Pub:!INFO: Creation du cache cc702fb3ae2c6575796b9805e86f38dc.cache pour 86400 secondes
2017-01-06 13:42:03 ::1 (pid 3268) :Pub:!INFO: Creation du cache 21fb3a92c6cf7dbe8cec273e6eef4b48.cache pour 86400 secondes
2017-01-06 13:42:03 ::1 (pid 3268) :Pub:!INFO: Creation du cache 656b652bce23f1b676a4f1289032762a.cache pour 86400 secondes
2017-01-06 13:42:03 ::1 (pid 3268) :Pub:!INFO: Creation du cache d40de87c502f6071d20763d2e2b78bbe.cache pour 86400 secondes
2017-01-06 13:42:03 ::1 (pid 3268) :Pub:!INFO: Creation du cache 890b26b94f9e25716f6b9eb16f0ff382.cache pour 86400 secondes
2017-01-06 13:42:03 ::1 (pid 3268) :Pub:!INFO: Creation du cache b020dad3389657e1d5ae1e67f34b1eab.cache pour 3600 secondes
2017-01-06 13:42:03 ::1 (pid 3268) :Pub:!INFO: Creation du cache fd1b7319016a503e4d9cee4cf4a2fe16.cache pour 86400 secondes
2017-01-06 13:42:03 ::1 (pid 3268) :Pub:!INFO: Creation du cache 6d0f3f23850e088fffcfadda000455d8.cache pour 604800 secondes
2017-01-06 13:42:03 ::1 (pid 3268) :Pub:!INFO: Creation du cache 6851901ab76812782fd64c4a02f130be.cache pour 604800 secondes
2017-01-06 13:42:07 ::1 (pid 3268) :Pub:!INFO: Creation du cache 0d455b60cff434484255129bd0e54d9a.cache pour 86400 secondes
2017-01-06 13:42:08 ::1 (pid 3268) :Pub:!INFO: Creation du cache f92772f3ddb56a4fd67ff1d5761f428d.cache pour 86400 secondes
2017-01-06 13:42:08 ::1 (pid 3268) :Pub:!INFO: Creation du cache 3db9286fd86d13e63fbf445c51b18d55.cache pour 86400 secondes
2017-01-06 13:42:08 ::1 (pid 3268) :Pub:!INFO: Creation du cache cb8a711f0c79986b5c398ab9a824850e.cache pour 86400 secondes
2017-01-06 13:42:08 ::1 (pid 3268) :Pub:!INFO: Creation du cache 74097a19b2e1f46926663aa3fce2e659.cache pour 86400 secondes
2017-01-06 13:42:08 ::1 (pid 3268) :Pub:!INFO: Creation du cache 59554c908f49f0725344474069ef0244.cache pour 86400 secondes
2017-01-06 13:42:08 ::1 (pid 3268) :Pub:!INFO: Creation du cache 1172a335fc5f5b5f5834fbd9f00c4d0a.cache pour 3600 secondes
2017-01-06 13:42:08 ::1 (pid 3268) :Pub:!INFO: Creation du cache dade4e0f93a0112ef5ab84d498b5e294.cache pour 3600 secondes
2017-01-06 13:42:08 ::1 (pid 3268) :Pub:!INFO: Creation du cache 2c5a4fba6fcf7a2d9245d4819394b46e.cache pour 3600 secondes
2017-01-06 13:42:08 ::1 (pid 3268) :Pub:!INFO: Creation du cache 6e383d1e1ab9ba632cd7913604c7908c.cache pour 86400 secondes
2017-01-06 13:42:08 ::1 (pid 3268) :Pub:!INFO: Creation du cache 5ab3fafba38ed3c782bb5529ffa0af66.cache pour 86400 secondes
2017-01-06 13:43:09 ::1 (pid 3268) :Pri:!INFO: Creation du cache 5b0b009854ff90d5f5482b58ecdd6fbd.cache pour 86400 secondes
2017-01-06 13:43:42 ::1 (pid 3268) :Pri:!INFO: Creation du cache 5b0b009854ff90d5f5482b58ecdd6fbd.cache pour 86400 secondes
2017-01-06 13:44:11 ::1 (pid 3268) :Pri:!INFO: Creation du cache 0038d00c50611b11d6fa60000d452805.cache pour 86400 secondes
2017-01-06 13:44:16 ::1 (pid 3268) :Pub:!INFO: Creation du cache 6bd167afbdea6a0f2b29bf54694c7f85.cache pour 86400 secondes
2017-01-06 13:44:16 ::1 (pid 3268) :Pub:!INFO: Creation du cache cc702fb3ae2c6575796b9805e86f38dc.cache pour 86400 secondes
2017-01-06 13:44:16 ::1 (pid 3268) :Pub:!INFO: Creation du cache 21fb3a92c6cf7dbe8cec273e6eef4b48.cache pour 86400 secondes
2017-01-06 13:44:16 ::1 (pid 3268) :Pub:!INFO: Creation du cache c1ad7785ce3ec8f8285774cb59344715.cache pour 86400 secondes
2017-01-06 13:44:16 ::1 (pid 3268) :Pub:!INFO: Creation du cache 97bbab5d01ecdf8b3666bdb12804f9e2.cache pour 86400 secondes
2017-01-06 13:44:16 ::1 (pid 3268) :Pub:!INFO: Creation du cache 890b26b94f9e25716f6b9eb16f0ff382.cache pour 86400 secondes
2017-01-06 13:44:16 ::1 (pid 3268) :Pub:!INFO: Creation du cache b020dad3389657e1d5ae1e67f34b1eab.cache pour 3600 secondes
2017-01-06 13:44:16 ::1 (pid 3268) :Pub:!INFO: Creation du cache c8a07101a5d4344b031967d02772dd45.cache pour 86400 secondes
2017-01-06 13:44:16 ::1 (pid 3268) :Pub:!INFO: Creation du cache 6d0f3f23850e088fffcfadda000455d8.cache pour 604800 secondes
2017-01-06 13:44:16 ::1 (pid 3268) :Pub:!INFO: Creation du cache 6851901ab76812782fd64c4a02f130be.cache pour 604800 secondes
2017-01-06 13:44:18 ::1 (pid 3268) :Pub:!INFO: Creation du cache e38ed2d358ca025de10b30388e6708fe.cache pour 86400 secondes
2017-01-06 13:44:20 ::1 (pid 3268) :Pub:!INFO: Creation du cache b2bc75f7b9ae935d589458404141462f.cache pour 86400 secondes
2017-01-06 13:44:20 ::1 (pid 3268) :Pub:!INFO: Creation du cache 3db9286fd86d13e63fbf445c51b18d55.cache pour 86400 secondes
2017-01-06 13:44:20 ::1 (pid 3268) :Pub:!INFO: Creation du cache cb8a711f0c79986b5c398ab9a824850e.cache pour 86400 secondes
2017-01-06 13:44:20 ::1 (pid 3268) :Pub:!INFO: Creation du cache 7f23a4181fc36bf98c307ed7976265aa.cache pour 86400 secondes
2017-01-06 13:44:20 ::1 (pid 3268) :Pub:!INFO: Creation du cache 59554c908f49f0725344474069ef0244.cache pour 86400 secondes
2017-01-06 13:44:20 ::1 (pid 3268) :Pub:!INFO: Creation du cache 1172a335fc5f5b5f5834fbd9f00c4d0a.cache pour 3600 secondes
2017-01-06 13:44:20 ::1 (pid 3268) :Pub:!INFO: Creation du cache dade4e0f93a0112ef5ab84d498b5e294.cache pour 3600 secondes
2017-01-06 13:44:20 ::1 (pid 3268) :Pub:!INFO: Creation du cache 250a185a2c55cd5c1bebcfefb04019b2.cache pour 3600 secondes
2017-01-06 13:44:20 ::1 (pid 3268) :Pub:!INFO: Creation du cache 64781ab5a340290f7b352716f80b649e.cache pour 86400 secondes
2017-01-06 13:44:20 ::1 (pid 3268) :Pub:!INFO: Creation du cache b77e209e30e278d3cf7e398a7ab171a9.cache pour 86400 secondes
2017-01-06 13:54:19 ::1 (pid 3268) :Pri:!INFO: Creation du cache 6c4c13a5bddb856f375dda941c55cf2d.cache pour 86400 secondes
2017-01-06 13:54:29 ::1 (pid 3268) :Pri:!INFO: Creation du cache 6c4c13a5bddb856f375dda941c55cf2d.cache pour 86400 secondes
2017-01-06 13:54:52 ::1 (pid 3268) :Pri:!INFO: Creation du cache 6c4c13a5bddb856f375dda941c55cf2d.cache pour 86400 secondes
2017-01-06 14:06:54 ::1 (pid 3268) :Pri:!INFO: Creation du cache 9d75eeb401164b5daecaf69e1f0a6b25.cache pour 86400 secondes
2017-01-06 14:07:08 ::1 (pid 3268) :Pri:!INFO: Creation du cache 12cadd9feac5eb89ab99649f33f677e0.cache pour 86400 secondes
2017-01-06 14:07:38 ::1 (pid 3268) :Pri:!INFO: Creation du cache 12cadd9feac5eb89ab99649f33f677e0.cache pour 86400 secondes
2017-01-06 14:08:44 ::1 (pid 3268) :Pri:!INFO: Creation du cache c7868695e28af890c9399480213486c5.cache pour 86400 secondes
2017-01-06 14:14:55 ::1 (pid 3268) :Pri:!INFO: Creation du cache 62bdca29348b1567310860c4bcb37bb0.cache pour 86400 secondes
2017-01-06 14:17:01 ::1 (pid 3268) :Pri:!INFO: Creation du cache 25aefcdc88b8199f39571044412ebdef.cache pour 86400 secondes
2017-01-06 14:17:58 ::1 (pid 3268) :Pri:!INFO: Creation du cache b01bec5983e3179f94d7b9c8494bf1fe.cache pour 86400 secondes
2017-01-06 14:18:17 ::1 (pid 3268) :Pri:!INFO: Creation du cache f02d2de6dc1c17c554fa6f9c2316ae5d.cache pour 86400 secondes
2017-01-06 14:19:36 ::1 (pid 3268) :Pri:!INFO: Creation du cache 9f9822f366ecb48b9ea77535c76f741a.cache pour 86400 secondes
2017-01-06 14:21:45 ::1 (pid 3268) :Pri:!INFO: Creation du cache 98ad2103a29de84db89a3178eaf18f7e.cache pour 86400 secondes
2017-01-06 14:22:16 ::1 (pid 3268) :Pri:!INFO: Creation du cache 98ad2103a29de84db89a3178eaf18f7e.cache pour 86400 secondes
2017-01-06 14:22:30 ::1 (pid 3268) :Pri:!INFO: Creation du cache 98ad2103a29de84db89a3178eaf18f7e.cache pour 86400 secondes
2017-01-06 14:22:39 ::1 (pid 3268) :Pri:!INFO: Creation du cache 98ad2103a29de84db89a3178eaf18f7e.cache pour 86400 secondes
2017-01-06 14:22:41 ::1 (pid 3268) :Pri:!INFO: Creation du cache 1a5f5ef3a7942c42bd7e5fda2592acd0.cache pour 86400 secondes
2017-01-06 14:23:23 ::1 (pid 3268) :Pri:!INFO: Creation du cache 1a5f5ef3a7942c42bd7e5fda2592acd0.cache pour 86400 secondes
2017-01-06 14:23:40 ::1 (pid 3268) :Pri:!INFO: Creation du cache 1a5f5ef3a7942c42bd7e5fda2592acd0.cache pour 86400 secondes
2017-01-06 14:23:43 ::1 (pid 3268) :Pri:!INFO: Creation du cache 50e77c98614d015135719e915e840eee.cache pour 86400 secondes
2017-01-06 14:23:54 ::1 (pid 3268) :Pri:!INFO: Creation du cache 50e77c98614d015135719e915e840eee.cache pour 86400 secondes
2017-01-06 14:24:08 ::1 (pid 3268) :Pri:!INFO: Creation du cache 50e77c98614d015135719e915e840eee.cache pour 86400 secondes
2017-01-06 14:24:18 ::1 (pid 3268) :Pri:!INFO: Creation du cache 50e77c98614d015135719e915e840eee.cache pour 86400 secondes
2017-01-06 14:25:07 ::1 (pid 3268) :Pri:!INFO: Creation du cache 830f15cec9401e4d70ab1b90206e4601.cache pour 86400 secondes
2017-01-06 14:26:02 ::1 (pid 3268) :Pri:!INFO: Creation du cache 85bbee86dc4aeaa29cfea9679e123d14.cache pour 86400 secondes
2017-01-06 14:26:08 ::1 (pid 3268) :Pri:!INFO: Creation du cache 85bbee86dc4aeaa29cfea9679e123d14.cache pour 86400 secondes
2017-01-06 14:26:17 ::1 (pid 3268) :Pri:!INFO: Creation du cache 85bbee86dc4aeaa29cfea9679e123d14.cache pour 86400 secondes
2017-01-06 14:26:31 ::1 (pid 3268) :Pri:!INFO: Creation du cache 85bbee86dc4aeaa29cfea9679e123d14.cache pour 86400 secondes
2017-01-06 14:26:59 ::1 (pid 3268) :Pri:!INFO: Creation du cache 47cf5052daa49eb7e79323039264b271.cache pour 86400 secondes
2017-01-06 14:27:14 ::1 (pid 3268) :Pri:!INFO: Creation du cache 47cf5052daa49eb7e79323039264b271.cache pour 86400 secondes
2017-01-06 14:27:56 ::1 (pid 3268) :Pri:!INFO: Creation du cache 47cf5052daa49eb7e79323039264b271.cache pour 86400 secondes
2017-01-06 14:28:03 ::1 (pid 3268) :Pri:!INFO: Creation du cache e9b3d6edf7f39cb1d5b9c943b4473de2.cache pour 86400 secondes
2017-01-06 14:28:34 ::1 (pid 3268) :Pri:!INFO: Creation du cache e9b3d6edf7f39cb1d5b9c943b4473de2.cache pour 86400 secondes
2017-01-06 14:28:44 ::1 (pid 3268) :Pri:!INFO: Creation du cache e9b3d6edf7f39cb1d5b9c943b4473de2.cache pour 86400 secondes
2017-01-06 14:28:59 ::1 (pid 3268) :Pri:!INFO: Creation du cache 0dabc70b68521359687d74f15e493999.cache pour 86400 secondes
2017-01-06 14:30:23 ::1 (pid 3268) :Pri:!INFO: Creation du cache b0e3e452ceddd594de13f2ba352c402e.cache pour 86400 secondes
2017-01-06 14:30:36 ::1 (pid 3268) :Pri:!INFO: Creation du cache b0e3e452ceddd594de13f2ba352c402e.cache pour 86400 secondes
2017-01-06 14:31:02 ::1 (pid 3268) :Pri:!INFO: Creation du cache b0e3e452ceddd594de13f2ba352c402e.cache pour 86400 secondes
2017-01-06 14:31:47 ::1 (pid 3268) :Pri:!INFO: Creation du cache 728faf2e2252a4abd1142fad8536b83a.cache pour 86400 secondes
2017-01-06 14:33:53 ::1 (pid 3268) :Pri:!INFO: Creation du cache 5d5108d39d692ebf634e471a54b3665f.cache pour 86400 secondes
2017-01-06 14:34:18 ::1 (pid 3268) :Pri:!INFO: Creation du cache 5d5108d39d692ebf634e471a54b3665f.cache pour 86400 secondes
2017-01-06 14:34:34 ::1 (pid 3268) :Pri:!INFO: Creation du cache 402593a7439175b832babccfe2947008.cache pour 86400 secondes
2017-01-06 14:35:14 ::1 (pid 3268) :Pri:!INFO: Creation du cache 402593a7439175b832babccfe2947008.cache pour 86400 secondes
2017-01-06 14:36:04 ::1 (pid 3268) :Pri:!INFO: Creation du cache 1475693038387bb47b5fbaf1e75bfb8c.cache pour 86400 secondes
2017-01-06 14:38:26 ::1 (pid 3268) :Pri:!INFO: Creation du cache 542bd9c7428c4c873a3d781782e5cafd.cache pour 86400 secondes
2017-01-06 14:39:01 ::1 (pid 3268) :Pri:!INFO: Creation du cache 542bd9c7428c4c873a3d781782e5cafd.cache pour 86400 secondes
2017-01-06 14:39:23 ::1 (pid 3268) :Pri:!INFO: Creation du cache 7910aa217abfd0b172c90700ee919a40.cache pour 86400 secondes
2017-01-06 14:39:40 ::1 (pid 3268) :Pri:!INFO: Creation du cache 7910aa217abfd0b172c90700ee919a40.cache pour 86400 secondes
2017-01-06 14:41:00 ::1 (pid 3268) :Pri:!INFO: Creation du cache 3ac739d197fc03eda8078eae4215f035.cache pour 86400 secondes
2017-01-06 14:41:34 ::1 (pid 3268) :Pri:!INFO: Creation du cache 3ac739d197fc03eda8078eae4215f035.cache pour 86400 secondes
2017-01-06 14:41:46 ::1 (pid 3268) :Pri:!INFO: Creation du cache 3ac739d197fc03eda8078eae4215f035.cache pour 86400 secondes
2017-01-06 14:43:45 ::1 (pid 3268) :Pri:!INFO: Creation du cache e188c125c1739524cde28751f179d1e3.cache pour 86400 secondes
2017-01-06 14:43:53 ::1 (pid 3268) :Pri:!INFO: Creation du cache e913c115c9af62e68362c4d3273ac1f4.cache pour 86400 secondes
2017-01-06 14:44:11 ::1 (pid 3268) :Pri:!INFO: Creation du cache e913c115c9af62e68362c4d3273ac1f4.cache pour 86400 secondes
2017-01-06 14:44:26 ::1 (pid 3268) :Pri:!INFO: Creation du cache e913c115c9af62e68362c4d3273ac1f4.cache pour 86400 secondes
2017-01-06 14:46:47 ::1 (pid 3268) :Pri:!INFO: Creation du cache 878968460fd8b48a16c934e2b313b9b4.cache pour 86400 secondes
2017-01-06 14:47:00 ::1 (pid 3268) :Pri:!INFO: Creation du cache fa927c77dbd455a5e9d3684129274e98.cache pour 86400 secondes
2017-01-06 14:47:34 ::1 (pid 3268) :Pri:!INFO: Creation du cache fa927c77dbd455a5e9d3684129274e98.cache pour 86400 secondes
2017-01-06 14:47:55 ::1 (pid 3268) :Pri:!INFO: Creation du cache 41e439f0cd25847cfe684713f9be75f6.cache pour 86400 secondes
2017-01-06 14:48:00 ::1 (pid 3268) :Pri:!INFO: Creation du cache 41e439f0cd25847cfe684713f9be75f6.cache pour 86400 secondes
2017-01-06 14:48:19 ::1 (pid 3268) :Pri:!INFO: Creation du cache 41e439f0cd25847cfe684713f9be75f6.cache pour 86400 secondes
2017-01-06 14:49:46 ::1 (pid 3268) :Pri:!INFO: Creation du cache d934ae413eb07c6aa1a8bbc372a8c55e.cache pour 86400 secondes
2017-01-06 14:50:01 ::1 (pid 3268) :Pri:!INFO: Creation du cache d934ae413eb07c6aa1a8bbc372a8c55e.cache pour 86400 secondes
2017-01-06 14:50:16 ::1 (pid 3268) :Pri:!INFO: Creation du cache d934ae413eb07c6aa1a8bbc372a8c55e.cache pour 86400 secondes
2017-01-06 14:50:35 ::1 (pid 3268) :Pri:!INFO: Creation du cache d934ae413eb07c6aa1a8bbc372a8c55e.cache pour 86400 secondes
2017-01-06 14:51:11 ::1 (pid 3268) :Pri:!INFO: Creation du cache 68112d47b3b5f9774c07e9acc10f2f9c.cache pour 86400 secondes
2017-01-06 14:55:33 ::1 (pid 3268) :Pri:!INFO: Creation du cache 3561127bb9578aed38744e8d5917c51e.cache pour 86400 secondes
2017-01-06 14:55:44 ::1 (pid 3268) :Pri:!INFO: Creation du cache 3561127bb9578aed38744e8d5917c51e.cache pour 86400 secondes
2017-01-06 14:56:13 ::1 (pid 3268) :Pri:!INFO: Creation du cache 3561127bb9578aed38744e8d5917c51e.cache pour 86400 secondes
2017-01-06 14:57:09 ::1 (pid 3268) :Pri:!INFO: Creation du cache f6999ee73a49f2cb869d62509683814c.cache pour 86400 secondes
2017-01-06 14:58:22 ::1 (pid 3268) :Pri:!INFO: Creation du cache 3c39ef57903815ad929d54d54a95b426.cache pour 86400 secondes
2017-01-06 14:58:38 ::1 (pid 3268) :Pri:!INFO: Creation du cache 3c39ef57903815ad929d54d54a95b426.cache pour 86400 secondes
2017-01-06 14:59:44 ::1 (pid 3268) :Pri:!INFO: Creation du cache 43a326a6c0309db7f89c90d174f8fde6.cache pour 86400 secondes
2017-01-06 15:00:49 ::1 (pid 3268) :Pri:!INFO: Creation du cache 34f2c4188f12da6ab37ae8d38b1f4620.cache pour 86400 secondes
2017-01-06 15:03:11 ::1 (pid 3268) :Pri:!INFO: Creation du cache e0cf8c2cc261a27ba16aa395e7d2c037.cache pour 86400 secondes
2017-01-06 15:05:02 ::1 (pid 3268) :Pri:!INFO: Creation du cache e79b2dc5c551a09aae0d156f78c70599.cache pour 86400 secondes
2017-01-06 15:05:14 ::1 (pid 3268) :Pri:!INFO: Creation du cache e79b2dc5c551a09aae0d156f78c70599.cache pour 86400 secondes
2017-01-06 15:05:26 ::1 (pid 3268) :Pri:!INFO: Creation du cache e79b2dc5c551a09aae0d156f78c70599.cache pour 86400 secondes
2017-01-06 16:15:19 ::1 (pid 3268) :Pri:!INFO: Creation du cache fe460aeeb32d35b032cc8576d5612ced.cache pour 86400 secondes
2017-01-06 16:15:29 ::1 (pid 3268) :Pri:!INFO: Creation du cache f5abc0145a16a4dd9bf20f4071e19ccd.cache pour 86400 secondes
2017-01-06 16:21:10 ::1 (pid 3268) :Pri:!INFO: Creation du cache 8a536dc93772a283dcab353066b73641.cache pour 86400 secondes
2017-01-06 16:23:08 ::1 (pid 3268) :Pri:!INFO: Creation du cache e14ea3b39fbb14b44cfa474a9801db74.cache pour 86400 secondes
2017-01-06 16:24:11 ::1 (pid 3268) :Pri:!INFO: Creation du cache fe4aeca262e61bc8a8b960a5bb336ecd.cache pour 86400 secondes
2017-01-06 16:25:33 ::1 (pid 3268) :Pri:!INFO: Creation du cache 5a4a25974321519a73c23ec13f63d253.cache pour 86400 secondes
2017-01-06 16:26:14 ::1 (pid 3268) :Pri:!INFO: Creation du cache 51841952d962e08e370f407faaf319cf.cache pour 86400 secondes
2017-01-06 16:26:48 ::1 (pid 3268) :Pri:!INFO: Creation du cache 51841952d962e08e370f407faaf319cf.cache pour 86400 secondes
2017-01-06 16:27:17 ::1 (pid 3268) :Pri:!INFO: Creation du cache ea8123641944bad41bb03fd9c9637752.cache pour 86400 secondes
2017-01-06 16:27:40 ::1 (pid 3268) :Pri:!INFO: Creation du cache ea8123641944bad41bb03fd9c9637752.cache pour 86400 secondes
2017-01-06 16:28:21 ::1 (pid 3268) :Pri:!INFO: Creation du cache 10d979727309f8e81df1c417f807b25a.cache pour 86400 secondes
2017-01-06 16:44:00 ::1 (pid 3268) :Pub:!INFO: Creation du cache 6bd167afbdea6a0f2b29bf54694c7f85.cache pour 86400 secondes
2017-01-06 16:44:00 ::1 (pid 3268) :Pub:!INFO: Creation du cache cc702fb3ae2c6575796b9805e86f38dc.cache pour 86400 secondes
2017-01-06 16:44:00 ::1 (pid 3268) :Pub:!INFO: Creation du cache 21fb3a92c6cf7dbe8cec273e6eef4b48.cache pour 86400 secondes
2017-01-06 16:44:00 ::1 (pid 3268) :Pub:!INFO: Creation du cache d7728adcc4ed38889c51c048fba33157.cache pour 86400 secondes
2017-01-06 16:44:00 ::1 (pid 3268) :Pub:!INFO: Creation du cache 4c42d4dcb153067a5fcb225bd8354eac.cache pour 86400 secondes
2017-01-06 16:44:00 ::1 (pid 3268) :Pub:!INFO: Creation du cache 890b26b94f9e25716f6b9eb16f0ff382.cache pour 86400 secondes
2017-01-06 16:44:00 ::1 (pid 3268) :Pub:!INFO: Creation du cache b020dad3389657e1d5ae1e67f34b1eab.cache pour 3600 secondes
2017-01-06 16:44:00 ::1 (pid 3268) :Pub:!INFO: Creation du cache 05c55190a772c22d6c65efa5f29b180b.cache pour 86400 secondes
2017-01-06 16:44:00 ::1 (pid 3268) :Pub:!INFO: Creation du cache 6d0f3f23850e088fffcfadda000455d8.cache pour 604800 secondes
2017-01-06 16:44:00 ::1 (pid 3268) :Pub:!INFO: Creation du cache 6851901ab76812782fd64c4a02f130be.cache pour 604800 secondes
2017-01-06 16:44:11 ::1 (pid 3268) :Pri:!INFO: Creation du cache 12aa6d4bdb6ce552bfa3b6eec10b0b78.cache pour 86400 secondes
2017-01-13 12:24:46 ::1 (pid 1340) :Pub:!INFO: Creation du cache 6bd167afbdea6a0f2b29bf54694c7f85.cache pour 86400 secondes
2017-01-13 12:24:46 ::1 (pid 1340) :Pub:!INFO: Creation du cache cc702fb3ae2c6575796b9805e86f38dc.cache pour 86400 secondes
2017-01-13 12:24:46 ::1 (pid 1340) :Pub:!INFO: Creation du cache 21fb3a92c6cf7dbe8cec273e6eef4b48.cache pour 86400 secondes
2017-01-13 12:24:46 ::1 (pid 1340) :Pub:!INFO: Creation du cache eabe59fbbc0538e03a5debed6825b2dc.cache pour 86400 secondes
2017-01-13 12:24:46 ::1 (pid 1340) :Pub:!INFO: Creation du cache 7cf9f2d7efe839d9f8b93c64a91712e3.cache pour 86400 secondes
2017-01-13 12:24:47 ::1 (pid 1340) :Pub:!INFO: Creation du cache 890b26b94f9e25716f6b9eb16f0ff382.cache pour 86400 secondes
2017-01-13 12:24:47 ::1 (pid 1340) :Pub:!INFO: Creation du cache b020dad3389657e1d5ae1e67f34b1eab.cache pour 3600 secondes
2017-01-13 12:24:47 ::1 (pid 1340) :Pub:!INFO: Creation du cache 8766d2d0ae9fd9c7bafe0fb2d7319265.cache pour 86400 secondes
2017-01-13 12:24:53 ::1 (pid 1340) :Pub:!INFO: Creation du cache 0a5e4b8070634a4f53bdfd8ca4ddce64.cache pour 86400 secondes
2017-01-13 12:24:54 ::1 (pid 1340) :Pub:!INFO: Creation du cache 2d63df674a72a0b7be5256d43c095029.cache pour 3600 secondes
2017-01-13 12:24:54 ::1 (pid 1340) :Pub:!INFO: Creation du cache 8a39b40c77281257a2089414089f270c.cache pour 3600 secondes
2017-01-13 12:24:54 ::1 (pid 1340) :Pub:!INFO: Creation du cache ec48e920c2aaf830fc0c4deb4e624cd4.cache pour 86400 secondes
2017-01-13 12:24:54 ::1 (pid 1340) :Pub:!INFO: Creation du cache c05dde2f1389c3c8fc125bbd06bccdc2.cache pour 3600 secondes
2017-01-13 12:25:03 ::1 (pid 1340) :Pri:!INFO: Creation du cache 0e358a2c2fa230cb1ecd3baedd927250.cache pour 86400 secondes
2017-01-13 12:25:13 ::1 (pid 1340) :Pri:!INFO: Creation du cache 182a227b3d63291993b377b14fcc38c8.cache pour 86400 secondes
2017-01-13 12:27:53 ::1 (pid 1340) :Pri:!INFO: Creation du cache 5b8fae89e1f1aa179882183b17059369.cache pour 86400 secondes
2017-01-13 12:28:10 ::1 (pid 1340) :Pub:!INFO: Creation du cache cc2dbe989239375e20cd68a1a7a7e042.cache pour 86400 secondes
2017-01-13 12:28:10 ::1 (pid 1340) :Pub:!INFO: Creation du cache 1e0f724181aec4aeaa6dd590b24e2fcf.cache pour 3600 secondes
2017-01-13 12:28:10 ::1 (pid 1340) :Pub:!INFO: Creation du cache 75c37dca0ef6154ed0e9adbd45451603.cache pour 3600 secondes
2017-01-13 12:28:26 ::1 (pid 1340) :Pub:!INFO: Creation du cache 0277c38d7398a38cb839bf947c03e15f.cache pour 86400 secondes
2017-01-13 12:28:31 ::1 (pid 1340) :Pri:!INFO: Creation du cache 4d6308d88a00d5016e761607bdc918c7.cache pour 86400 secondes
2017-01-13 12:28:46 ::1 (pid 1340) :Pri:!INFO: Creation du cache 51448cb2452b07f5d08d10ab23b700ba.cache pour 86400 secondes
2017-01-13 12:32:18 ::1 (pid 1340) :Pri:!INFO: Creation du cache 67041b77ba163e1a6f83d88da6000705.cache pour 86400 secondes
2017-01-13 12:32:22 ::1 (pid 1340) :Pub:!INFO: Creation du cache cc2dbe989239375e20cd68a1a7a7e042.cache pour 86400 secondes
2017-01-13 12:32:23 ::1 (pid 1340) :Pub:!INFO: Creation du cache 2d63df674a72a0b7be5256d43c095029.cache pour 3600 secondes
2017-01-13 12:32:23 ::1 (pid 1340) :Pub:!INFO: Creation du cache 1e0f724181aec4aeaa6dd590b24e2fcf.cache pour 3600 secondes
2017-01-13 12:32:23 ::1 (pid 1340) :Pub:!INFO: Creation du cache abbdb2739275a0cfc390cfb80e19f022.cache pour 86400 secondes
2017-01-13 12:32:23 ::1 (pid 1340) :Pub:!INFO: Creation du cache 86017fd3f95cb5045e9a9efcdf40d74a.cache pour 3600 secondes
2017-01-13 12:32:23 ::1 (pid 1340) :Pub:!INFO: Creation du cache 6d0f3f23850e088fffcfadda000455d8.cache pour 604800 secondes
2017-01-13 12:32:23 ::1 (pid 1340) :Pub:!INFO: Creation du cache 6851901ab76812782fd64c4a02f130be.cache pour 604800 secondes
2017-01-13 12:32:34 ::1 (pid 1340) :Pri:!INFO: Creation du cache 041531c1305031597941b3fb7a1760fe.cache pour 86400 secondes
2017-01-13 12:33:07 ::1 (pid 1340) :Pub:!INFO: Creation du cache f6178ce53f6436482415cf2206a1acd1.cache pour 86400 secondes
2017-01-13 12:33:07 ::1 (pid 1340) :Pub:!INFO: Creation du cache 16e1c3f3d001e71210e8e22cff452b36.cache pour 3600 secondes
2017-01-13 12:33:40 ::1 (pid 1340) :Pri:!INFO: Creation du cache 677cee1612c07c2c134dae0c894f1d4e.cache pour 86400 secondes
2017-01-13 12:34:27 ::1 (pid 1340) :Pri:!INFO: Creation du cache e1beb69947664521d97e154b6b3367c1.cache pour 86400 secondes
2017-01-13 12:36:30 ::1 (pid 1340) :Pri:!INFO: Creation du cache 9099131767e7c47efd7f68861fa4d7de.cache pour 86400 secondes
2017-01-13 12:39:49 ::1 (pid 1340) :Pri:!INFO: Creation du cache d746075df6836233720f718029fd0aa0.cache pour 86400 secondes
2017-01-13 12:39:54 ::1 (pid 1340) :Pri:!INFO: Creation du cache 8e1e3f5b72d8fb8d05c081316ec7d176.cache pour 86400 secondes
2017-01-13 12:40:57 ::1 (pid 1340) :Pri:!INFO: Creation du cache 30b7d7d441684e8217bb172e134567ec.cache pour 86400 secondes
2017-01-13 12:42:38 ::1 (pid 1340) :Pri:!INFO: Creation du cache fc7fc721be83c7a2ae5fa23453eba377.cache pour 86400 secondes
2017-01-13 12:44:59 ::1 (pid 1340) :Pri:!INFO: Creation du cache 060ba04381fcb59ef56d1258f3dbbf76.cache pour 86400 secondes
2017-01-13 13:32:57 ::1 (pid 1340) :Pub:!INFO: Creation du cache 6bd167afbdea6a0f2b29bf54694c7f85.cache pour 86400 secondes
2017-01-13 13:32:58 ::1 (pid 1340) :Pub:!INFO: Creation du cache cc702fb3ae2c6575796b9805e86f38dc.cache pour 86400 secondes
2017-01-13 13:32:58 ::1 (pid 1340) :Pub:!INFO: Creation du cache 21fb3a92c6cf7dbe8cec273e6eef4b48.cache pour 86400 secondes
2017-01-13 13:32:58 ::1 (pid 1340) :Pub:!INFO: Creation du cache eab6257593af60307edb901c69c00ab8.cache pour 86400 secondes
2017-01-13 13:32:58 ::1 (pid 1340) :Pub:!INFO: Creation du cache fb8f8d87126482ea3607409956a004c7.cache pour 86400 secondes
2017-01-13 13:32:58 ::1 (pid 1340) :Pub:!INFO: Creation du cache 890b26b94f9e25716f6b9eb16f0ff382.cache pour 86400 secondes
2017-01-13 13:32:58 ::1 (pid 1340) :Pub:!INFO: Creation du cache b020dad3389657e1d5ae1e67f34b1eab.cache pour 3600 secondes
2017-01-13 13:32:58 ::1 (pid 1340) :Pub:!INFO: Creation du cache 060bf2981cbaca894e0a2a2707aaa84a.cache pour 86400 secondes
2017-01-13 13:32:58 ::1 (pid 1340) :Pub:!INFO: Creation du cache 6d0f3f23850e088fffcfadda000455d8.cache pour 604800 secondes
2017-01-13 13:32:58 ::1 (pid 1340) :Pub:!INFO: Creation du cache 6851901ab76812782fd64c4a02f130be.cache pour 604800 secondes
2017-01-13 13:33:01 ::1 (pid 1340) :Pri:!INFO: Creation du cache 060ba04381fcb59ef56d1258f3dbbf76.cache pour 86400 secondes
2017-01-13 13:33:05 ::1 (pid 1340) :Pri:!INFO: Creation du cache e82cc82f8f50014c0da1bcf50660af94.cache pour 86400 secondes
2017-01-13 14:02:07 ::1 (pid 1340) :Pri:!INFO: Creation du cache 53c2b90234457f54ba07ab48f1636f4c.cache pour 86400 secondes
2017-01-13 15:10:06 ::1 (pid 1340) :Pri:!INFO: Creation du cache af6c7aaa312a049dccc59bcc8740726e.cache pour 86400 secondes
2017-01-13 15:10:15 ::1 (pid 1340) :Pri:!INFO: Creation du cache 421939332f11dccf13b36b674ea2755e.cache pour 86400 secondes
2017-01-13 15:13:48 ::1 (pid 1340) :Pri:!INFO: Creation du cache 99d629020a8edd9c6ebd9ca52912b2c8.cache pour 86400 secondes
2017-01-13 16:12:04 ::1 (pid 1340) :Pub:!INFO: Creation du cache cc2dbe989239375e20cd68a1a7a7e042.cache pour 86400 secondes
2017-01-13 16:12:05 ::1 (pid 1340) :Pub:!INFO: Creation du cache 2d63df674a72a0b7be5256d43c095029.cache pour 3600 secondes
2017-01-13 16:12:05 ::1 (pid 1340) :Pub:!INFO: Creation du cache 1e0f724181aec4aeaa6dd590b24e2fcf.cache pour 3600 secondes
2017-01-13 16:12:05 ::1 (pid 1340) :Pub:!INFO: Creation du cache f336bb82f9ab4c6329302ee48d9587c5.cache pour 86400 secondes
2017-01-13 16:12:05 ::1 (pid 1340) :Pub:!INFO: Creation du cache eb5ae9acdb7a09cb0aa607d8e6d7166d.cache pour 3600 secondes
2017-01-13 16:12:05 ::1 (pid 1340) :Pub:!INFO: Creation du cache 6d0f3f23850e088fffcfadda000455d8.cache pour 604800 secondes
2017-01-13 16:12:05 ::1 (pid 1340) :Pub:!INFO: Creation du cache 6851901ab76812782fd64c4a02f130be.cache pour 604800 secondes
2017-01-25 17:05:40 ::1 (pid 6584) :Pub:!INFO: Creation du cache 6bd167afbdea6a0f2b29bf54694c7f85.cache pour 86400 secondes
2017-01-25 17:05:41 ::1 (pid 6584) :Pub:!INFO: Creation du cache cc702fb3ae2c6575796b9805e86f38dc.cache pour 86400 secondes
2017-01-25 17:05:41 ::1 (pid 6584) :Pub:!INFO: Creation du cache 21fb3a92c6cf7dbe8cec273e6eef4b48.cache pour 86400 secondes
2017-01-25 17:05:41 ::1 (pid 6584) :Pub:!INFO: Creation du cache 5a882b7b95bfa62f8a5f7208b063808a.cache pour 86400 secondes
2017-01-25 17:05:41 ::1 (pid 6584) :Pub:!INFO: Creation du cache af7b9c8bc5d837e945e32a1ac06e690d.cache pour 86400 secondes
2017-01-25 17:05:41 ::1 (pid 6584) :Pub:!INFO: Creation du cache 890b26b94f9e25716f6b9eb16f0ff382.cache pour 86400 secondes
2017-01-25 17:05:42 ::1 (pid 6584) :Pub:!INFO: Creation du cache b020dad3389657e1d5ae1e67f34b1eab.cache pour 3600 secondes
2017-01-25 17:05:42 ::1 (pid 6584) :Pub:!INFO: Creation du cache d2ebc864e47b42ef99f2a7d94d0ccf7d.cache pour 86400 secondes
2017-01-25 17:05:43 ::1 (pid 6584) :Pub:!INFO: Creation du cache 6d0f3f23850e088fffcfadda000455d8.cache pour 604800 secondes
2017-01-25 17:05:43 ::1 (pid 6584) :Pub:!INFO: Creation du cache 6851901ab76812782fd64c4a02f130be.cache pour 604800 secondes
2017-01-25 17:05:52 ::1 (pid 6584) :Pub:!INFO: Creation du cache cd000df9207a6c60418e82e2c26868b1.cache pour 86400 secondes
2017-01-25 17:05:52 ::1 (pid 6584) :Pub:!INFO: Creation du cache ab9fca1cd16daee9e9963fe32f201270.cache pour 3600 secondes
2017-01-25 17:08:31 ::1 (pid 6584) :Pub:!INFO: Creation du cache f336bb82f9ab4c6329302ee48d9587c5.cache pour 86400 secondes
2017-01-25 17:08:36 ::1 (pid 6584) :Pub:!INFO: Creation du cache e9ec94f5acdd78b88aa40f5f0e3a80fb.cache pour 86400 secondes
2017-01-25 17:09:35 ::1 (pid 6584) :Pri:!INFO: Creation du cache ea34189129db1e2cdb6fdf86e9a7bb34.cache pour 86400 secondes
2017-01-25 17:09:48 ::1 (pid 6584) :Pri:!INFO: Creation du cache 770fdda930cc4bfb8b66ff3adc610fb2.cache pour 86400 secondes
2017-01-25 17:37:41 ::1 (pid 6584) :Pub:!INFO: Creation du cache cc2dbe989239375e20cd68a1a7a7e042.cache pour 86400 secondes
2017-01-25 17:37:43 ::1 (pid 6584) :Pub:!INFO: Creation du cache 2d63df674a72a0b7be5256d43c095029.cache pour 3600 secondes
2017-01-25 17:37:43 ::1 (pid 6584) :Pub:!INFO: Creation du cache 1e0f724181aec4aeaa6dd590b24e2fcf.cache pour 3600 secondes
2017-01-25 17:37:43 ::1 (pid 6584) :Pub:!INFO: Creation du cache 4e3d0d8c5b91949c8dc83d5a19d3bde8.cache pour 3600 secondes
2017-03-16 09:51:11 ::1 (pid 8032) :Pub:!INFO: Creation du cache 6bd167afbdea6a0f2b29bf54694c7f85.cache pour 86400 secondes
2017-03-16 09:51:12 ::1 (pid 8032) :Pub:!INFO: Creation du cache cc702fb3ae2c6575796b9805e86f38dc.cache pour 86400 secondes
2017-03-16 09:51:12 ::1 (pid 8032) :Pub:!INFO: Creation du cache 21fb3a92c6cf7dbe8cec273e6eef4b48.cache pour 86400 secondes
2017-03-16 09:51:13 ::1 (pid 8032) :Pub:!INFO: Creation du cache 74407ee17af8860f93476a80f0a07953.cache pour 86400 secondes
2017-03-16 09:51:13 ::1 (pid 8032) :Pub:!INFO: Creation du cache 39ee1be01eaae677f9f02e5f9a6436e1.cache pour 86400 secondes
2017-03-16 09:51:13 ::1 (pid 8032) :Pub:!INFO: Creation du cache 890b26b94f9e25716f6b9eb16f0ff382.cache pour 86400 secondes
2017-03-16 09:51:13 ::1 (pid 8032) :Pub:!INFO: Creation du cache b020dad3389657e1d5ae1e67f34b1eab.cache pour 3600 secondes
2017-03-16 09:51:13 ::1 (pid 8032) :Pub:!INFO: Creation du cache 4c565d0aada97fad1b544b0bc3f491e9.cache pour 86400 secondes
2017-03-16 09:51:15 ::1 (pid 8032) :Pub:!INFO: Creation du cache 6d0f3f23850e088fffcfadda000455d8.cache pour 604800 secondes
2017-03-16 09:51:15 ::1 (pid 8032) :Pub:!INFO: Creation du cache 6851901ab76812782fd64c4a02f130be.cache pour 604800 secondes
                                                                                                                                                                                                                                                                                                                                                                                                                                                                                                                                                                                                                                                                                                                                                                                                                                                                                                                                                                                                                                                                                                                                                                                                                                                                                                                                                                                                                                                                                                                                                                                                                                                                                                                                                                                                                                                                                                                                   2017-03-31 11:55:08 ::1 (pid 4244) :Pub:!INFO: Creation du cache 6bd167afbdea6a0f2b29bf54694c7f85.cache pour 86400 secondes
2017-03-31 11:55:10 ::1 (pid 4244) :Pub:!INFO: Creation du cache cc702fb3ae2c6575796b9805e86f38dc.cache pour 86400 secondes
2017-03-31 11:55:10 ::1 (pid 4244) :Pub:!INFO: Creation du cache 21fb3a92c6cf7dbe8cec273e6eef4b48.cache pour 86400 secondes
2017-03-31 11:55:10 ::1 (pid 4244) :Pub:!INFO: Creation du cache 640e7e39693398c18c17f07251d585e7.cache pour 86400 secondes
2017-03-31 11:55:10 ::1 (pid 4244) :Pub:!INFO: Creation du cache 52e9d4a659b26ba731153f785641c2a9.cache pour 86400 secondes
2017-03-31 11:55:10 ::1 (pid 4244) :Pub:!INFO: Creation du cache 890b26b94f9e25716f6b9eb16f0ff382.cache pour 86400 secondes
2017-03-31 11:55:11 ::1 (pid 4244) :Pub:!INFO: Creation du cache b020dad3389657e1d5ae1e67f34b1eab.cache pour 3600 secondes
2017-03-31 11:55:11 ::1 (pid 4244) :Pub:!INFO: Creation du cache d4a58f5e7baa150cc4e90036680471b0.cache pour 86400 secondes
2017-03-31 11:55:12 ::1 (pid 4244) :Pub:!INFO: Creation du cache 6d0f3f23850e088fffcfadda000455d8.cache pour 604800 secondes
2017-03-31 11:55:13 ::1 (pid 4244) :Pub:!INFO: Creation du cache 6851901ab76812782fd64c4a02f130be.cache pour 604800 secondes
2017-03-31 11:55:38 ::1 (pid 4244) :Pub:!INFO: Creation du cache cd000df9207a6c60418e82e2c26868b1.cache pour 86400 secondes
2017-03-31 11:55:38 ::1 (pid 4244) :Pub:!INFO: Creation du cache ab9fca1cd16daee9e9963fe32f201270.cache pour 3600 secondes
2017-03-31 11:55:39 ::1 (pid 4244) :Pub:!INFO: Creation du cache d66e17006fd71c720b2c095ad15df99a.cache pour 86400 secondes
2017-03-31 11:56:25 ::1 (pid 4244) :Pub:!INFO: Creation du cache 846aa6a33945e0c9aa1058f28baa04f3.cache pour 86400 secondes
2017-03-31 11:56:38 ::1 (pid 4244) :Pri:!INFO: Creation du cache 21ff5f1f6e206e4fac6846a3c1f17948.cache pour 86400 secondes
2017-03-31 11:57:00 ::1 (pid 4244) :Pri:!INFO: Creation du cache d89903539108b6f1a71a04943d99d380.cache pour 86400 secondes
2017-03-31 11:58:47 ::1 (pid 4244) :Pri:!INFO: Creation du cache f9b9b7f92aa629acda47caa47089ba21.cache pour 86400 secondes
2017-03-31 11:58:57 ::1 (pid 4244) :Pri:ERREUR: Erreur mysql 1146
2017-03-31 11:58:57 ::1 (pid 4244) :Pri:ERREUR: Erreur mysql 1146
2017-03-31 11:58:57 ::1 (pid 4244) :Pri:!INFO: trouver_table: table inconnue '' 'spip_plugins_liens'
2017-03-31 11:59:15 ::1 (pid 4244) :Pri:ERREUR: Erreur mysql 1146
2017-03-31 11:59:15 ::1 (pid 4244) :Pri:ERREUR: Erreur mysql 1146
2017-03-31 11:59:15 ::1 (pid 4244) :Pri:!INFO: trouver_table: table inconnue '' 'spip_plugins_liens'
2017-03-31 11:59:20 ::1 (pid 4244) :Pri:ERREUR: Erreur mysql 1146
2017-03-31 11:59:20 ::1 (pid 4244) :Pri:ERREUR: Erreur mysql 1146
2017-03-31 11:59:20 ::1 (pid 4244) :Pri:!INFO: trouver_table: table inconnue '' 'spip_plugins_liens'
2017-03-31 11:59:23 ::1 (pid 4244) :Pri:!INFO: Creation du cache 23b08f6534513055d6acc2dbfacbb4ad.cache pour 604800 secondes
2017-03-31 11:59:23 ::1 (pid 4244) :Pri:!INFO: Creation du cache 7ec9ff5e9685d8b31183109498368963.cache pour 360000 secondes
2017-03-31 11:59:23 ::1 (pid 4244) :Pri:!INFO: Creation du cache ae901a4137cd0e6d074ecbe35d0e9c64.cache pour 360000 secondes
2017-03-31 11:59:23 ::1 (pid 4244) :Pri:!INFO: Creation du cache 8071acf0285481ad57c799d6df4a2bc1.cache pour 360000 secondes
2017-03-31 11:59:24 ::1 (pid 4244) :Pri:!INFO: Creation du cache 06ffd918d5ef52b2ebe405cfa81d7fad.cache pour 360000 secondes
2017-03-31 11:59:24 ::1 (pid 4244) :Pri:!INFO: Creation du cache 1fc8fb1c858b9a82aacf9bfdf53bf190.cache pour 360000 secondes
2017-03-31 11:59:24 ::1 (pid 4244) :Pri:!INFO: Creation du cache b8cfd08104eb952893b65b062f419451.cache pour 360000 secondes
2017-03-31 11:59:24 ::1 (pid 4244) :Pri:!INFO: Creation du cache 1846271611e4b72e4a66c830f2c1c793.cache pour 360000 secondes
2017-03-31 11:59:24 ::1 (pid 4244) :Pri:!INFO: Creation du cache 0620b09d02d3ab4bf074a6cbdf3775db.cache pour 360000 secondes
2017-03-31 11:59:24 ::1 (pid 4244) :Pri:!INFO: Creation du cache 3efa1cee0110ecece2620efff81f822b.cache pour 360000 secondes
2017-03-31 11:59:24 ::1 (pid 4244) :Pri:!INFO: Creation du cache ac7402dd8bff2eb0884577c85b980968.cache pour 360000 secondes
2017-03-31 11:59:24 ::1 (pid 4244) :Pri:!INFO: Creation du cache 20c624427bfab15eb0dd4ae791aece97.cache pour 360000 secondes
2017-03-31 11:59:24 ::1 (pid 4244) :Pri:!INFO: Creation du cache 838302095cca992a5b4854f6fd0e90c1.cache pour 360000 secondes
2017-03-31 11:59:24 ::1 (pid 4244) :Pri:!INFO: Creation du cache a42ffa6d02ad89159e7e8959dafefcf6.cache pour 360000 secondes
2017-03-31 11:59:24 ::1 (pid 4244) :Pri:!INFO: Creation du cache 35db2c666a39a957423c3c5d18ea58e8.cache pour 360000 secondes
2017-03-31 11:59:24 ::1 (pid 4244) :Pri:!INFO: Creation du cache 61d5e67432778e92cdd8be4a2383095d.cache pour 360000 secondes
2017-03-31 11:59:24 ::1 (pid 4244) :Pri:!INFO: Creation du cache 8ae7a6065eee6495292c428365849d0e.cache pour 360000 secondes
2017-03-31 11:59:24 ::1 (pid 4244) :Pri:!INFO: Creation du cache d84fdf89f9c1ef88dde38fa50a2098cd.cache pour 360000 secondes
2017-03-31 11:59:24 ::1 (pid 4244) :Pri:!INFO: Creation du cache 5bfa5f25099b3d52df62f139c95b4af3.cache pour 360000 secondes
2017-03-31 11:59:24 ::1 (pid 4244) :Pri:!INFO: Creation du cache b80d5abe6ee511a29de98acb9e665396.cache pour 360000 secondes
2017-03-31 11:59:25 ::1 (pid 4244) :Pri:!INFO: Creation du cache f01fb7cb6fe516a8415d52fe9c3df3ab.cache pour 360000 secondes
2017-03-31 11:59:25 ::1 (pid 4244) :Pri:!INFO: Creation du cache cf5623974ea0c9084c549f97fa76311c.cache pour 360000 secondes
2017-03-31 11:59:25 ::1 (pid 4244) :Pri:!INFO: Creation du cache e47d7e721874720b381e59f4d17f1fc5.cache pour 360000 secondes
2017-03-31 11:59:25 ::1 (pid 4244) :Pri:!INFO: Creation du cache 9b78a425796a52b87e892c2c4dc6f8c6.cache pour 360000 secondes
2017-03-31 11:59:25 ::1 (pid 4244) :Pri:!INFO: Creation du cache 115d3946488aa2c7c2a4a1fe8673b854.cache pour 360000 secondes
2017-03-31 11:59:25 ::1 (pid 4244) :Pri:!INFO: Creation du cache bae9114a16173bedc1cdc5d2d7f47d83.cache pour 360000 secondes
2017-03-31 11:59:25 ::1 (pid 4244) :Pri:!INFO: Creation du cache 8b2c1ab4b24a0027e7b213baf6926539.cache pour 360000 secondes
2017-03-31 11:59:25 ::1 (pid 4244) :Pri:!INFO: Creation du cache 6e56ecee38e42b52f53036d91c32e76f.cache pour 360000 secondes
2017-03-31 11:59:26 ::1 (pid 4244) :Pri:!INFO: Creation du cache 901196ae98625c086e0b8082da6772bf.cache pour 86400 secondes
2017-03-31 12:05:55 ::1 (pid 4244) :Pri:!INFO: Creation du cache f338c2fc3681fc6e7f138b6d3180dbe2.cache pour 86400 secondes
2017-03-31 12:09:48 ::1 (pid 4244) :Pub:!INFO: Creation du cache 6bd167afbdea6a0f2b29bf54694c7f85.cache pour 86400 secondes
2017-03-31 12:09:49 ::1 (pid 4244) :Pub:!INFO: Creation du cache cc702fb3ae2c6575796b9805e86f38dc.cache pour 86400 secondes
2017-03-31 12:09:49 ::1 (pid 4244) :Pub:!INFO: Creation du cache 21fb3a92c6cf7dbe8cec273e6eef4b48.cache pour 86400 secondes
2017-03-31 12:09:49 ::1 (pid 4244) :Pub:!INFO: Creation du cache ede0d005d9165f66fc67ef2a97ed4526.cache pour 86400 secondes
2017-03-31 12:09:49 ::1 (pid 4244) :Pub:!INFO: Creation du cache 93d68e46a25b173f45bad716dba5279b.cache pour 86400 secondes
2017-03-31 12:09:49 ::1 (pid 4244) :Pub:!INFO: Creation du cache 890b26b94f9e25716f6b9eb16f0ff382.cache pour 86400 secondes
2017-03-31 12:09:49 ::1 (pid 4244) :Pub:!INFO: Creation du cache b020dad3389657e1d5ae1e67f34b1eab.cache pour 3600 secondes
2017-03-31 12:09:49 ::1 (pid 4244) :Pub:!INFO: Creation du cache 3ce79dbe8b3fe6235cc0f41a9101d0aa.cache pour 86400 secondes
2017-03-31 12:09:54 ::1 (pid 4244) :Pub:!INFO: Creation du cache 6bd167afbdea6a0f2b29bf54694c7f85.cache pour 86400 secondes
2017-03-31 12:09:54 ::1 (pid 4244) :Pub:!INFO: Creation du cache cc702fb3ae2c6575796b9805e86f38dc.cache pour 86400 secondes
2017-03-31 12:09:54 ::1 (pid 4244) :Pub:!INFO: Creation du cache 21fb3a92c6cf7dbe8cec273e6eef4b48.cache pour 86400 secondes
2017-03-31 12:09:54 ::1 (pid 4244) :Pub:!INFO: Creation du cache f31bd0ded8f46f440be0753b747da355.cache pour 86400 secondes
2017-03-31 12:09:54 ::1 (pid 4244) :Pub:!INFO: Creation du cache 6cbd13d5ebd0fcd314f5d7d7d87d568f.cache pour 86400 secondes
2017-03-31 12:09:54 ::1 (pid 4244) :Pub:!INFO: Creation du cache 890b26b94f9e25716f6b9eb16f0ff382.cache pour 86400 secondes
2017-03-31 12:09:54 ::1 (pid 4244) :Pub:!INFO: Creation du cache b020dad3389657e1d5ae1e67f34b1eab.cache pour 3600 secondes
2017-03-31 12:09:54 ::1 (pid 4244) :Pub:!INFO: Creation du cache c5b039a443ac485904218dbd5fffb162.cache pour 86400 secondes
2017-03-31 12:09:55 ::1 (pid 4244) :Pub:!INFO: Creation du cache 6d0f3f23850e088fffcfadda000455d8.cache pour 604800 secondes
2017-03-31 12:09:55 ::1 (pid 4244) :Pub:!INFO: Creation du cache 6851901ab76812782fd64c4a02f130be.cache pour 604800 secondes
2017-03-31 12:10:03 ::1 (pid 4244) :Pri:!INFO: Creation du cache fad682ae006675aa58a89d390a39e1d5.cache pour 86400 secondes
2017-03-31 12:11:16 ::1 (pid 4244) :Pri:!INFO: Creation du cache f016952cd6fdd568683ce8523c6255a2.cache pour 86400 secondes
2017-03-31 12:11:22 ::1 (pid 4244) :Pub:!INFO: Creation du cache dbc761ae290a0eb78358197f119bdedd.cache pour 86400 secondes
2017-03-31 12:11:23 ::1 (pid 4244) :Pub:!INFO: Creation du cache 6d0f3f23850e088fffcfadda000455d8.cache pour 604800 secondes
2017-03-31 12:11:23 ::1 (pid 4244) :Pub:!INFO: Creation du cache 6851901ab76812782fd64c4a02f130be.cache pour 604800 secondes
2017-03-31 12:11:25 ::1 (pid 4244) :Pub:!INFO: Creation du cache 6bd167afbdea6a0f2b29bf54694c7f85.cache pour 86400 secondes
2017-03-31 12:20:11 ::1 (pid 4244) :Pub:!INFO: Creation du cache 6bd167afbdea6a0f2b29bf54694c7f85.cache pour 86400 secondes
2017-03-31 12:28:32 ::1 (pid 4244) :Pub:!INFO: Creation du cache 6bd167afbdea6a0f2b29bf54694c7f85.cache pour 86400 secondes
2017-03-31 12:29:33 ::1 (pid 4244) :Pub:!INFO: Creation du cache 6bd167afbdea6a0f2b29bf54694c7f85.cache pour 86400 secondes
2017-03-31 12:31:34 ::1 (pid 4244) :Pub:!INFO: Creation du cache 6bd167afbdea6a0f2b29bf54694c7f85.cache pour 86400 secondes
2017-03-31 12:34:28 ::1 (pid 4244) :Pri:!INFO: Creation du cache 14ccbe0b14bef89eb9b5718f2947f02c.cache pour 86400 secondes
2017-03-31 12:39:01 ::1 (pid 4244) :Pub:!INFO: Creation du cache 6bd167afbdea6a0f2b29bf54694c7f85.cache pour 86400 secondes
2017-03-31 12:39:01 ::1 (pid 4244) :Pub:!INFO: Creation du cache 8010ccbfc97c7862f0e274ccb0862ed9.cache pour 86400 secondes
2017-03-31 12:39:54 ::1 (pid 4244) :Pri:!INFO: Creation du cache 2edd413f57e652bd76f0b37ec4d171cf.cache pour 86400 secondes
2017-03-31 12:41:25 ::1 (pid 4244) :Pri:!INFO: Creation du cache 0ea4dabdf5b7e29ae712310925f29d2f.cache pour 86400 secondes
2017-03-31 12:42:19 ::1 (pid 4244) :Pub:!INFO: Creation du cache 6bd167afbdea6a0f2b29bf54694c7f85.cache pour 86400 secondes
2017-03-31 12:42:19 ::1 (pid 4244) :Pub:!INFO: Creation du cache 8010ccbfc97c7862f0e274ccb0862ed9.cache pour 86400 secondes
2017-03-31 12:42:19 ::1 (pid 4244) :Pub:!INFO: Creation du cache 0e834eabaa9c7f38a2535d1f86619d93.cache pour 86400 secondes
2017-03-31 15:10:56 ::1 (pid 4244) :Pub:!INFO: Creation du cache cc2dbe989239375e20cd68a1a7a7e042.cache pour 86400 secondes
2017-03-31 15:10:58 ::1 (pid 4244) :Pub:!INFO: Creation du cache 2d63df674a72a0b7be5256d43c095029.cache pour 3600 secondes
2017-03-31 15:10:58 ::1 (pid 4244) :Pub:!INFO: Creation du cache 1e0f724181aec4aeaa6dd590b24e2fcf.cache pour 3600 secondes
2017-03-31 15:10:58 ::1 (pid 4244) :Pub:!INFO: Creation du cache 561cd6097b30445ad4492713f2246265.cache pour 86400 secondes
2017-03-31 15:10:58 ::1 (pid 4244) :Pub:!INFO: Creation du cache 1ad091d97d8f5a10bcf662ad10bb32b6.cache pour 3600 secondes
2017-04-07 12:43:44 ::1 (pid 4244) :Pub:!INFO: Creation du cache 5620c266eb908ed68805eef862ceb3a6.cache pour 86400 secondes
2017-04-07 12:43:44 ::1 (pid 4244) :Pub:!INFO: Creation du cache 8010ccbfc97c7862f0e274ccb0862ed9.cache pour 86400 secondes
2017-04-07 12:43:44 ::1 (pid 4244) :Pub:!INFO: Creation du cache 0e834eabaa9c7f38a2535d1f86619d93.cache pour 86400 secondes
